---- GPU info ----
Tue Sep 23 20:51:20 2025       
+-----------------------------------------------------------------------------------------+
| NVIDIA-SMI 555.42.06              Driver Version: 555.42.06      CUDA Version: 12.5     |
|-----------------------------------------+------------------------+----------------------+
| GPU  Name                 Persistence-M | Bus-Id          Disp.A | Volatile Uncorr. ECC |
| Fan  Temp   Perf          Pwr:Usage/Cap |           Memory-Usage | GPU-Util  Compute M. |
|                                         |                        |               MIG M. |
|=========================================+========================+======================|
|   0  NVIDIA A100 80GB PCIe          On  |   00000000:21:00.0 Off |                    0 |
| N/A   33C    P0             64W /  300W |       1MiB /  81920MiB |      0%      Default |
|                                         |                        |             Disabled |
+-----------------------------------------+------------------------+----------------------+
                                                                                         
+-----------------------------------------------------------------------------------------+
| Processes:                                                                              |
|  GPU   GI   CI        PID   Type   Process name                              GPU Memory |
|        ID   ID                                                               Usage      |
|=========================================================================================|
|  No running processes found                                                             |
+-----------------------------------------------------------------------------------------+
------------------
Loading data …
Splits: train 4106, val 725, test 853
Epoch 1 head_loss=0.6259
              precision    recall  f1-score   support

         0.0      0.847     0.868     0.857       453
         1.0      0.770     0.739     0.754       272

    accuracy                          0.819       725
   macro avg      0.809     0.803     0.806       725
weighted avg      0.818     0.819     0.819       725

Val F1@0.5: 0.754
Val Accuracy@0.5: 0.819
Epoch 2 head_loss=0.4881
              precision    recall  f1-score   support

         0.0      0.902     0.830     0.864       453
         1.0      0.750     0.849     0.797       272

    accuracy                          0.837       725
   macro avg      0.826     0.840     0.830       725
weighted avg      0.845     0.837     0.839       725

Val F1@0.5: 0.797
Val Accuracy@0.5: 0.837
Epoch 3 head_loss=0.4410
              precision    recall  f1-score   support

         0.0      0.971     0.585     0.730       453
         1.0      0.584     0.971     0.729       272

    accuracy                          0.730       725
   macro avg      0.777     0.778     0.730       725
weighted avg      0.826     0.730     0.730       725

Val F1@0.5: 0.729
Val Accuracy@0.5: 0.730
Epoch 4 head_loss=0.4118
              precision    recall  f1-score   support

         0.0      0.847     0.905     0.875       453
         1.0      0.822     0.728     0.772       272

    accuracy                          0.839       725
   macro avg      0.834     0.817     0.824       725
weighted avg      0.838     0.839     0.836       725

Val F1@0.5: 0.772
Val Accuracy@0.5: 0.839
Epoch 5 head_loss=0.3935
              precision    recall  f1-score   support

         0.0      0.941     0.742     0.830       453
         1.0      0.682     0.923     0.784       272

    accuracy                          0.810       725
   macro avg      0.812     0.832     0.807       725
weighted avg      0.844     0.810     0.813       725

Val F1@0.5: 0.784
Val Accuracy@0.5: 0.810
Test F1@0.5: 0.761
Test Accuracy@0.5: 0.790
Saved frozen head to: /projects/sciences/computing/liyi5784/Verlan-Identification-Normalisation-main/models/detect/latest/bert_head/frozen/seed-1/head.pt
Loading data …
Splits: train 4106, val 725, test 853
Epoch 1 head_loss=0.6396
              precision    recall  f1-score   support

         0.0      0.880     0.826     0.852       453
         1.0      0.737     0.812     0.773       272

    accuracy                          0.821       725
   macro avg      0.808     0.819     0.812       725
weighted avg      0.826     0.821     0.822       725

Val F1@0.5: 0.773
Val Accuracy@0.5: 0.821
Epoch 2 head_loss=0.5111
              precision    recall  f1-score   support

         0.0      0.970     0.645     0.775       453
         1.0      0.620     0.967     0.756       272

    accuracy                          0.766       725
   macro avg      0.795     0.806     0.765       725
weighted avg      0.839     0.766     0.767       725

Val F1@0.5: 0.756
Val Accuracy@0.5: 0.766
Epoch 3 head_loss=0.4525
              precision    recall  f1-score   support

         0.0      0.911     0.837     0.872       453
         1.0      0.761     0.864     0.809       272

    accuracy                          0.847       725
   macro avg      0.836     0.850     0.841       725
weighted avg      0.855     0.847     0.849       725

Val F1@0.5: 0.809
Val Accuracy@0.5: 0.847
Epoch 4 head_loss=0.4084
              precision    recall  f1-score   support

         0.0      0.898     0.839     0.868       453
         1.0      0.758     0.842     0.798       272

    accuracy                          0.840       725
   macro avg      0.828     0.840     0.833       725
weighted avg      0.846     0.840     0.841       725

Val F1@0.5: 0.798
Val Accuracy@0.5: 0.840
Epoch 5 head_loss=0.3911
              precision    recall  f1-score   support

         0.0      0.878     0.861     0.870       453
         1.0      0.776     0.801     0.788       272

    accuracy                          0.839       725
   macro avg      0.827     0.831     0.829       725
weighted avg      0.840     0.839     0.839       725

Val F1@0.5: 0.788
Val Accuracy@0.5: 0.839
Test F1@0.5: 0.782
Test Accuracy@0.5: 0.837
Saved frozen head to: /projects/sciences/computing/liyi5784/Verlan-Identification-Normalisation-main/models/detect/latest/bert_head/frozen/seed-2/head.pt
Loading data …
Splits: train 4106, val 725, test 853
Epoch 1 head_loss=0.6323
              precision    recall  f1-score   support

         0.0      0.868     0.830     0.849       453
         1.0      0.736     0.790     0.762       272

    accuracy                          0.815       725
   macro avg      0.802     0.810     0.806       725
weighted avg      0.819     0.815     0.816       725

Val F1@0.5: 0.762
Val Accuracy@0.5: 0.815
Epoch 2 head_loss=0.4919
              precision    recall  f1-score   support

         0.0      0.927     0.698     0.796       453
         1.0      0.643     0.908     0.753       272

    accuracy                          0.777       725
   macro avg      0.785     0.803     0.775       725
weighted avg      0.820     0.777     0.780       725

Val F1@0.5: 0.753
Val Accuracy@0.5: 0.777
Epoch 3 head_loss=0.4396
              precision    recall  f1-score   support

         0.0      0.921     0.748     0.826       453
         1.0      0.681     0.893     0.773       272

    accuracy                          0.803       725
   macro avg      0.801     0.821     0.799       725
weighted avg      0.831     0.803     0.806       725

Val F1@0.5: 0.773
Val Accuracy@0.5: 0.803
Epoch 4 head_loss=0.4120
              precision    recall  f1-score   support

         0.0      0.817     0.918     0.865       453
         1.0      0.829     0.658     0.734       272

    accuracy                          0.821       725
   macro avg      0.823     0.788     0.799       725
weighted avg      0.822     0.821     0.816       725

Val F1@0.5: 0.734
Val Accuracy@0.5: 0.821
Epoch 5 head_loss=0.3903
              precision    recall  f1-score   support

         0.0      0.912     0.728     0.810       453
         1.0      0.661     0.882     0.756       272

    accuracy                          0.786       725
   macro avg      0.786     0.805     0.783       725
weighted avg      0.818     0.786     0.790       725

Val F1@0.5: 0.756
Val Accuracy@0.5: 0.786
Test F1@0.5: 0.768
Test Accuracy@0.5: 0.794
Saved frozen head to: /projects/sciences/computing/liyi5784/Verlan-Identification-Normalisation-main/models/detect/latest/bert_head/frozen/seed-3/head.pt
Loading data …
Splits: train 4106, val 725, test 853
Epoch 1 head_loss=0.6157
              precision    recall  f1-score   support

         0.0      0.829     0.898     0.862       453
         1.0      0.803     0.691     0.743       272

    accuracy                          0.821       725
   macro avg      0.816     0.795     0.803       725
weighted avg      0.819     0.821     0.818       725

Val F1@0.5: 0.743
Val Accuracy@0.5: 0.821
Epoch 2 head_loss=0.5027
              precision    recall  f1-score   support

         0.0      0.870     0.839     0.854       453
         1.0      0.747     0.790     0.768       272

    accuracy                          0.821       725
   macro avg      0.808     0.815     0.811       725
weighted avg      0.823     0.821     0.822       725

Val F1@0.5: 0.768
Val Accuracy@0.5: 0.821
Epoch 3 head_loss=0.4379
              precision    recall  f1-score   support

         0.0      0.856     0.865     0.861       453
         1.0      0.772     0.757     0.764       272

    accuracy                          0.825       725
   macro avg      0.814     0.811     0.812       725
weighted avg      0.824     0.825     0.824       725

Val F1@0.5: 0.764
Val Accuracy@0.5: 0.825
Epoch 4 head_loss=0.4134
              precision    recall  f1-score   support

         0.0      0.938     0.704     0.805       453
         1.0      0.652     0.923     0.764       272

    accuracy                          0.786       725
   macro avg      0.795     0.813     0.784       725
weighted avg      0.831     0.786     0.789       725

Val F1@0.5: 0.764
Val Accuracy@0.5: 0.786
Epoch 5 head_loss=0.3881
              precision    recall  f1-score   support

         0.0      0.934     0.751     0.832       453
         1.0      0.687     0.912     0.784       272

    accuracy                          0.811       725
   macro avg      0.811     0.831     0.808       725
weighted avg      0.841     0.811     0.814       725

Val F1@0.5: 0.784
Val Accuracy@0.5: 0.811
Test F1@0.5: 0.781
Test Accuracy@0.5: 0.801
Saved frozen head to: /projects/sciences/computing/liyi5784/Verlan-Identification-Normalisation-main/models/detect/latest/bert_head/frozen/seed-4/head.pt
Loading data …
Splits: train 4106, val 725, test 853
Epoch 1 head_loss=0.6172
              precision    recall  f1-score   support

         0.0      0.936     0.673     0.783       453
         1.0      0.629     0.923     0.748       272

    accuracy                          0.767       725
   macro avg      0.782     0.798     0.766       725
weighted avg      0.821     0.767     0.770       725

Val F1@0.5: 0.748
Val Accuracy@0.5: 0.767
Epoch 2 head_loss=0.4845
              precision    recall  f1-score   support

         0.0      0.952     0.611     0.745       453
         1.0      0.594     0.949     0.731       272

    accuracy                          0.738       725
   macro avg      0.773     0.780     0.738       725
weighted avg      0.818     0.738     0.739       725

Val F1@0.5: 0.731
Val Accuracy@0.5: 0.738
Epoch 3 head_loss=0.4282
              precision    recall  f1-score   support

         0.0      0.798     0.925     0.857       453
         1.0      0.830     0.610     0.703       272

    accuracy                          0.807       725
   macro avg      0.814     0.768     0.780       725
weighted avg      0.810     0.807     0.799       725

Val F1@0.5: 0.703
Val Accuracy@0.5: 0.807
Epoch 4 head_loss=0.3982
              precision    recall  f1-score   support

         0.0      0.839     0.874     0.856       453
         1.0      0.775     0.721     0.747       272

    accuracy                          0.817       725
   macro avg      0.807     0.797     0.801       725
weighted avg      0.815     0.817     0.815       725

Val F1@0.5: 0.747
Val Accuracy@0.5: 0.817
Epoch 5 head_loss=0.3662
              precision    recall  f1-score   support

         0.0      0.937     0.693     0.797       453
         1.0      0.644     0.923     0.758       272

    accuracy                          0.779       725
   macro avg      0.790     0.808     0.778       725
weighted avg      0.827     0.779     0.782       725

Val F1@0.5: 0.758
Val Accuracy@0.5: 0.779
Test F1@0.5: 0.762
Test Accuracy@0.5: 0.785
Saved frozen head to: /projects/sciences/computing/liyi5784/Verlan-Identification-Normalisation-main/models/detect/latest/bert_head/frozen/seed-5/head.pt
Loading data …
Splits: train 4106, val 725, test 853
Epoch 1 head_loss=0.6281
              precision    recall  f1-score   support

         0.0      0.800     0.883     0.839       453
         1.0      0.764     0.632     0.692       272

    accuracy                          0.789       725
   macro avg      0.782     0.758     0.766       725
weighted avg      0.787     0.789     0.784       725

Val F1@0.5: 0.692
Val Accuracy@0.5: 0.789
Epoch 2 head_loss=0.5010
              precision    recall  f1-score   support

         0.0      0.859     0.819     0.838       453
         1.0      0.720     0.776     0.747       272

    accuracy                          0.803       725
   macro avg      0.789     0.797     0.793       725
weighted avg      0.807     0.803     0.804       725

Val F1@0.5: 0.747
Val Accuracy@0.5: 0.803
Epoch 3 head_loss=0.4394
              precision    recall  f1-score   support

         0.0      0.850     0.841     0.846       453
         1.0      0.740     0.754     0.747       272

    accuracy                          0.808       725
   macro avg      0.795     0.797     0.796       725
weighted avg      0.809     0.808     0.809       725

Val F1@0.5: 0.747
Val Accuracy@0.5: 0.808
Epoch 4 head_loss=0.4005
              precision    recall  f1-score   support

         0.0      0.863     0.821     0.842       453
         1.0      0.724     0.783     0.753       272

    accuracy                          0.807       725
   macro avg      0.794     0.802     0.797       725
weighted avg      0.811     0.807     0.808       725

Val F1@0.5: 0.753
Val Accuracy@0.5: 0.807
Epoch 5 head_loss=0.3740
              precision    recall  f1-score   support

         0.0      0.902     0.735     0.810       453
         1.0      0.663     0.868     0.752       272

    accuracy                          0.785       725
   macro avg      0.783     0.801     0.781       725
weighted avg      0.813     0.785     0.788       725

Val F1@0.5: 0.752
Val Accuracy@0.5: 0.785
Test F1@0.5: 0.786
Test Accuracy@0.5: 0.815
Saved frozen head to: /projects/sciences/computing/liyi5784/Verlan-Identification-Normalisation-main/models/detect/latest/bert_head/frozen/seed-6/head.pt
Loading data …
Splits: train 4106, val 725, test 853
Epoch 1 head_loss=0.6035
              precision    recall  f1-score   support

         0.0      0.816     0.881     0.847       453
         1.0      0.771     0.669     0.717       272

    accuracy                          0.801       725
   macro avg      0.794     0.775     0.782       725
weighted avg      0.799     0.801     0.798       725

Val F1@0.5: 0.717
Val Accuracy@0.5: 0.801
Epoch 2 head_loss=0.4802
              precision    recall  f1-score   support

         0.0      0.878     0.795     0.834       453
         1.0      0.705     0.816     0.756       272

    accuracy                          0.803       725
   macro avg      0.791     0.805     0.795       725
weighted avg      0.813     0.803     0.805       725

Val F1@0.5: 0.756
Val Accuracy@0.5: 0.803
Epoch 3 head_loss=0.4261
              precision    recall  f1-score   support

         0.0      0.935     0.671     0.781       453
         1.0      0.627     0.923     0.747       272

    accuracy                          0.766       725
   macro avg      0.781     0.797     0.764       725
weighted avg      0.820     0.766     0.769       725

Val F1@0.5: 0.747
Val Accuracy@0.5: 0.766
Epoch 4 head_loss=0.4016
              precision    recall  f1-score   support

         0.0      0.826     0.892     0.858       453
         1.0      0.792     0.688     0.736       272

    accuracy                          0.815       725
   macro avg      0.809     0.790     0.797       725
weighted avg      0.813     0.815     0.812       725

Val F1@0.5: 0.736
Val Accuracy@0.5: 0.815
Epoch 5 head_loss=0.3813
              precision    recall  f1-score   support

         0.0      0.899     0.748     0.817       453
         1.0      0.672     0.860     0.755       272

    accuracy                          0.790       725
   macro avg      0.786     0.804     0.786       725
weighted avg      0.814     0.790     0.794       725

Val F1@0.5: 0.755
Val Accuracy@0.5: 0.790
Test F1@0.5: 0.776
Test Accuracy@0.5: 0.808
Saved frozen head to: /projects/sciences/computing/liyi5784/Verlan-Identification-Normalisation-main/models/detect/latest/bert_head/frozen/seed-7/head.pt
Loading data …
Splits: train 4106, val 725, test 853
Epoch 1 head_loss=0.6299
              precision    recall  f1-score   support

         0.0      0.864     0.828     0.846       453
         1.0      0.732     0.783     0.757       272

    accuracy                          0.811       725
   macro avg      0.798     0.805     0.801       725
weighted avg      0.814     0.811     0.812       725

Val F1@0.5: 0.757
Val Accuracy@0.5: 0.811
Epoch 2 head_loss=0.4882
              precision    recall  f1-score   support

         0.0      0.827     0.876     0.851       453
         1.0      0.771     0.695     0.731       272

    accuracy                          0.808       725
   macro avg      0.799     0.786     0.791       725
weighted avg      0.806     0.808     0.806       725

Val F1@0.5: 0.731
Val Accuracy@0.5: 0.808
Epoch 3 head_loss=0.4416
              precision    recall  f1-score   support

         0.0      0.880     0.841     0.860       453
         1.0      0.753     0.809     0.780       272

    accuracy                          0.829       725
   macro avg      0.817     0.825     0.820       725
weighted avg      0.832     0.829     0.830       725

Val F1@0.5: 0.780
Val Accuracy@0.5: 0.829
Epoch 4 head_loss=0.3994
              precision    recall  f1-score   support

         0.0      0.884     0.792     0.836       453
         1.0      0.705     0.827     0.761       272

    accuracy                          0.806       725
   macro avg      0.795     0.810     0.799       725
weighted avg      0.817     0.806     0.808       725

Val F1@0.5: 0.761
Val Accuracy@0.5: 0.806
Epoch 5 head_loss=0.3820
              precision    recall  f1-score   support

         0.0      0.848     0.872     0.860       453
         1.0      0.776     0.739     0.757       272

    accuracy                          0.822       725
   macro avg      0.812     0.805     0.808       725
weighted avg      0.821     0.822     0.821       725

Val F1@0.5: 0.757
Val Accuracy@0.5: 0.822
Test F1@0.5: 0.770
Test Accuracy@0.5: 0.829
Saved frozen head to: /projects/sciences/computing/liyi5784/Verlan-Identification-Normalisation-main/models/detect/latest/bert_head/frozen/seed-8/head.pt
Loading data …
Splits: train 4106, val 725, test 853
Epoch 1 head_loss=0.6159
              precision    recall  f1-score   support

         0.0      0.801     0.934     0.862       453
         1.0      0.848     0.614     0.712       272

    accuracy                          0.814       725
   macro avg      0.824     0.774     0.787       725
weighted avg      0.819     0.814     0.806       725

Val F1@0.5: 0.712
Val Accuracy@0.5: 0.814
Epoch 2 head_loss=0.4838
              precision    recall  f1-score   support

         0.0      0.893     0.850     0.871       453
         1.0      0.769     0.831     0.799       272

    accuracy                          0.843       725
   macro avg      0.831     0.840     0.835       725
weighted avg      0.847     0.843     0.844       725

Val F1@0.5: 0.799
Val Accuracy@0.5: 0.843
Epoch 3 head_loss=0.4238
              precision    recall  f1-score   support

         0.0      0.951     0.724     0.822       453
         1.0      0.671     0.938     0.782       272

    accuracy                          0.804       725
   macro avg      0.811     0.831     0.802       725
weighted avg      0.846     0.804     0.807       725

Val F1@0.5: 0.782
Val Accuracy@0.5: 0.804
Epoch 4 head_loss=0.3925
              precision    recall  f1-score   support

         0.0      0.854     0.914     0.883       453
         1.0      0.838     0.739     0.785       272

    accuracy                          0.848       725
   macro avg      0.846     0.826     0.834       725
weighted avg      0.848     0.848     0.846       725

Val F1@0.5: 0.785
Val Accuracy@0.5: 0.848
Epoch 5 head_loss=0.3676
              precision    recall  f1-score   support

         0.0      0.931     0.779     0.849       453
         1.0      0.711     0.904     0.796       272

    accuracy                          0.826       725
   macro avg      0.821     0.842     0.822       725
weighted avg      0.849     0.826     0.829       725

Val F1@0.5: 0.796
Val Accuracy@0.5: 0.826
Test F1@0.5: 0.774
Test Accuracy@0.5: 0.810
Saved frozen head to: /projects/sciences/computing/liyi5784/Verlan-Identification-Normalisation-main/models/detect/latest/bert_head/frozen/seed-9/head.pt
Loading data …
Splits: train 4106, val 725, test 853
Epoch 1 head_loss=0.6130
              precision    recall  f1-score   support

         0.0      0.974     0.506     0.666       453
         1.0      0.543     0.978     0.698       272

    accuracy                          0.683       725
   macro avg      0.759     0.742     0.682       725
weighted avg      0.813     0.683     0.678       725

Val F1@0.5: 0.698
Val Accuracy@0.5: 0.683
Epoch 2 head_loss=0.4935
              precision    recall  f1-score   support

         0.0      0.958     0.561     0.708       453
         1.0      0.567     0.960     0.713       272

    accuracy                          0.710       725
   macro avg      0.763     0.760     0.710       725
weighted avg      0.812     0.710     0.710       725

Val F1@0.5: 0.713
Val Accuracy@0.5: 0.710
Epoch 3 head_loss=0.4378
              precision    recall  f1-score   support

         0.0      0.897     0.830     0.862       453
         1.0      0.748     0.842     0.792       272

    accuracy                          0.834       725
   macro avg      0.823     0.836     0.827       725
weighted avg      0.841     0.834     0.836       725

Val F1@0.5: 0.792
Val Accuracy@0.5: 0.834
Epoch 4 head_loss=0.3978
              precision    recall  f1-score   support

         0.0      0.902     0.795     0.845       453
         1.0      0.715     0.857     0.779       272

    accuracy                          0.818       725
   macro avg      0.808     0.826     0.812       725
weighted avg      0.832     0.818     0.820       725

Val F1@0.5: 0.779
Val Accuracy@0.5: 0.818
Epoch 5 head_loss=0.3919
              precision    recall  f1-score   support

         0.0      0.835     0.885     0.860       453
         1.0      0.788     0.710     0.747       272

    accuracy                          0.819       725
   macro avg      0.812     0.797     0.803       725
weighted avg      0.818     0.819     0.817       725

Val F1@0.5: 0.747
Val Accuracy@0.5: 0.819
Test F1@0.5: 0.763
Test Accuracy@0.5: 0.832
Saved frozen head to: /projects/sciences/computing/liyi5784/Verlan-Identification-Normalisation-main/models/detect/latest/bert_head/frozen/seed-10/head.pt
Loading data …
Splits: train 4106, val 725, test 853
Epoch 1 head_loss=0.6183
              precision    recall  f1-score   support

         0.0      0.909     0.768     0.833       453
         1.0      0.693     0.871     0.772       272

    accuracy                          0.807       725
   macro avg      0.801     0.820     0.802       725
weighted avg      0.828     0.807     0.810       725

Val F1@0.5: 0.772
Val Accuracy@0.5: 0.807
Epoch 2 head_loss=0.4831
              precision    recall  f1-score   support

         0.0      0.821     0.921     0.868       453
         1.0      0.834     0.665     0.740       272

    accuracy                          0.825       725
   macro avg      0.827     0.793     0.804       725
weighted avg      0.826     0.825     0.820       725

Val F1@0.5: 0.740
Val Accuracy@0.5: 0.825
Epoch 3 head_loss=0.4200
              precision    recall  f1-score   support

         0.0      0.880     0.806     0.841       453
         1.0      0.716     0.816     0.763       272

    accuracy                          0.810       725
   macro avg      0.798     0.811     0.802       725
weighted avg      0.818     0.810     0.812       725

Val F1@0.5: 0.763
Val Accuracy@0.5: 0.810
Epoch 4 head_loss=0.3916
              precision    recall  f1-score   support

         0.0      0.883     0.834     0.858       453
         1.0      0.747     0.816     0.780       272

    accuracy                          0.828       725
   macro avg      0.815     0.825     0.819       725
weighted avg      0.832     0.828     0.829       725

Val F1@0.5: 0.780
Val Accuracy@0.5: 0.828
Epoch 5 head_loss=0.3743
              precision    recall  f1-score   support

         0.0      0.875     0.817     0.845       453
         1.0      0.725     0.805     0.763       272

    accuracy                          0.812       725
   macro avg      0.800     0.811     0.804       725
weighted avg      0.819     0.812     0.814       725

Val F1@0.5: 0.763
Val Accuracy@0.5: 0.812
Test F1@0.5: 0.774
Test Accuracy@0.5: 0.817
Saved frozen head to: /projects/sciences/computing/liyi5784/Verlan-Identification-Normalisation-main/models/detect/latest/bert_head/frozen/seed-11/head.pt
Loading data …
Splits: train 4106, val 725, test 853
Epoch 1 head_loss=0.6263
              precision    recall  f1-score   support

         0.0      0.842     0.857     0.849       453
         1.0      0.754     0.732     0.743       272

    accuracy                          0.810       725
   macro avg      0.798     0.794     0.796       725
weighted avg      0.809     0.810     0.809       725

Val F1@0.5: 0.743
Val Accuracy@0.5: 0.810
Epoch 2 head_loss=0.4994
              precision    recall  f1-score   support

         0.0      0.933     0.733     0.821       453
         1.0      0.672     0.912     0.774       272

    accuracy                          0.800       725
   macro avg      0.802     0.822     0.797       725
weighted avg      0.835     0.800     0.803       725

Val F1@0.5: 0.774
Val Accuracy@0.5: 0.800
Epoch 3 head_loss=0.4547
              precision    recall  f1-score   support

         0.0      0.829     0.909     0.867       453
         1.0      0.820     0.688     0.748       272

    accuracy                          0.826       725
   macro avg      0.825     0.798     0.808       725
weighted avg      0.826     0.826     0.823       725

Val F1@0.5: 0.748
Val Accuracy@0.5: 0.826
Epoch 4 head_loss=0.4192
              precision    recall  f1-score   support

         0.0      0.945     0.715     0.814       453
         1.0      0.662     0.930     0.774       272

    accuracy                          0.796       725
   macro avg      0.803     0.823     0.794       725
weighted avg      0.839     0.796     0.799       725

Val F1@0.5: 0.774
Val Accuracy@0.5: 0.796
Epoch 5 head_loss=0.3768
              precision    recall  f1-score   support

         0.0      0.867     0.863     0.865       453
         1.0      0.774     0.779     0.777       272

    accuracy                          0.832       725
   macro avg      0.820     0.821     0.821       725
weighted avg      0.832     0.832     0.832       725

Val F1@0.5: 0.777
Val Accuracy@0.5: 0.832
Test F1@0.5: 0.772
Test Accuracy@0.5: 0.829
Saved frozen head to: /projects/sciences/computing/liyi5784/Verlan-Identification-Normalisation-main/models/detect/latest/bert_head/frozen/seed-12/head.pt
Loading data …
Splits: train 4106, val 725, test 853
Epoch 1 head_loss=0.6138
              precision    recall  f1-score   support

         0.0      0.917     0.757     0.830       453
         1.0      0.687     0.886     0.774       272

    accuracy                          0.806       725
   macro avg      0.802     0.822     0.802       725
weighted avg      0.831     0.806     0.809       725

Val F1@0.5: 0.774
Val Accuracy@0.5: 0.806
Epoch 2 head_loss=0.5045
              precision    recall  f1-score   support

         0.0      0.899     0.804     0.848       453
         1.0      0.722     0.849     0.780       272

    accuracy                          0.821       725
   macro avg      0.810     0.826     0.814       725
weighted avg      0.832     0.821     0.823       725

Val F1@0.5: 0.780
Val Accuracy@0.5: 0.821
Epoch 3 head_loss=0.4573
              precision    recall  f1-score   support

         0.0      0.885     0.812     0.847       453
         1.0      0.725     0.824     0.771       272

    accuracy                          0.817       725
   macro avg      0.805     0.818     0.809       725
weighted avg      0.825     0.817     0.818       725

Val F1@0.5: 0.771
Val Accuracy@0.5: 0.817
Epoch 4 head_loss=0.4058
              precision    recall  f1-score   support

         0.0      0.945     0.722     0.819       453
         1.0      0.668     0.930     0.777       272

    accuracy                          0.800       725
   macro avg      0.806     0.826     0.798       725
weighted avg      0.841     0.800     0.803       725

Val F1@0.5: 0.777
Val Accuracy@0.5: 0.800
Epoch 5 head_loss=0.4113
              precision    recall  f1-score   support

         0.0      0.819     0.909     0.862       453
         1.0      0.815     0.665     0.733       272

    accuracy                          0.818       725
   macro avg      0.817     0.787     0.797       725
weighted avg      0.818     0.818     0.813       725

Val F1@0.5: 0.733
Val Accuracy@0.5: 0.818
Test F1@0.5: 0.744
Test Accuracy@0.5: 0.826
Saved frozen head to: /projects/sciences/computing/liyi5784/Verlan-Identification-Normalisation-main/models/detect/latest/bert_head/frozen/seed-13/head.pt
Loading data …
Splits: train 4106, val 725, test 853
Epoch 1 head_loss=0.6230
              precision    recall  f1-score   support

         0.0      0.894     0.801     0.845       453
         1.0      0.718     0.842     0.775       272

    accuracy                          0.817       725
   macro avg      0.806     0.822     0.810       725
weighted avg      0.828     0.817     0.819       725

Val F1@0.5: 0.775
Val Accuracy@0.5: 0.817
Epoch 2 head_loss=0.4911
              precision    recall  f1-score   support

         0.0      0.887     0.799     0.841       453
         1.0      0.713     0.831     0.767       272

    accuracy                          0.811       725
   macro avg      0.800     0.815     0.804       725
weighted avg      0.822     0.811     0.813       725

Val F1@0.5: 0.767
Val Accuracy@0.5: 0.811
Epoch 3 head_loss=0.4344
              precision    recall  f1-score   support

         0.0      0.878     0.845     0.862       453
         1.0      0.758     0.805     0.781       272

    accuracy                          0.830       725
   macro avg      0.818     0.825     0.821       725
weighted avg      0.833     0.830     0.831       725

Val F1@0.5: 0.781
Val Accuracy@0.5: 0.830
Epoch 4 head_loss=0.3972
              precision    recall  f1-score   support

         0.0      0.880     0.854     0.867       453
         1.0      0.768     0.805     0.786       272

    accuracy                          0.836       725
   macro avg      0.824     0.830     0.827       725
weighted avg      0.838     0.836     0.837       725

Val F1@0.5: 0.786
Val Accuracy@0.5: 0.836
Epoch 5 head_loss=0.3677
              precision    recall  f1-score   support

         0.0      0.807     0.923     0.861       453
         1.0      0.831     0.632     0.718       272

    accuracy                          0.814       725
   macro avg      0.819     0.778     0.790       725
weighted avg      0.816     0.814     0.807       725

Val F1@0.5: 0.718
Val Accuracy@0.5: 0.814
Test F1@0.5: 0.739
Test Accuracy@0.5: 0.826
Saved frozen head to: /projects/sciences/computing/liyi5784/Verlan-Identification-Normalisation-main/models/detect/latest/bert_head/frozen/seed-14/head.pt
Loading data …
Splits: train 4106, val 725, test 853
Epoch 1 head_loss=0.6195
              precision    recall  f1-score   support

         0.0      0.902     0.733     0.809       453
         1.0      0.661     0.868     0.750       272

    accuracy                          0.783       725
   macro avg      0.782     0.800     0.780       725
weighted avg      0.812     0.783     0.787       725

Val F1@0.5: 0.750
Val Accuracy@0.5: 0.783
Epoch 2 head_loss=0.4973
              precision    recall  f1-score   support

         0.0      0.976     0.536     0.692       453
         1.0      0.559     0.978     0.711       272

    accuracy                          0.702       725
   macro avg      0.767     0.757     0.702       725
weighted avg      0.819     0.702     0.699       725

Val F1@0.5: 0.711
Val Accuracy@0.5: 0.702
Epoch 3 head_loss=0.4387
              precision    recall  f1-score   support

         0.0      0.940     0.698     0.801       453
         1.0      0.648     0.926     0.762       272

    accuracy                          0.783       725
   macro avg      0.794     0.812     0.782       725
weighted avg      0.831     0.783     0.787       725

Val F1@0.5: 0.762
Val Accuracy@0.5: 0.783
Epoch 4 head_loss=0.4201
              precision    recall  f1-score   support

         0.0      0.888     0.821     0.853       453
         1.0      0.735     0.827     0.779       272

    accuracy                          0.823       725
   macro avg      0.812     0.824     0.816       725
weighted avg      0.831     0.823     0.825       725

Val F1@0.5: 0.779
Val Accuracy@0.5: 0.823
Epoch 5 head_loss=0.3856
              precision    recall  f1-score   support

         0.0      0.837     0.872     0.854       453
         1.0      0.771     0.717     0.743       272

    accuracy                          0.814       725
   macro avg      0.804     0.794     0.798       725
weighted avg      0.812     0.814     0.812       725

Val F1@0.5: 0.743
Val Accuracy@0.5: 0.814
Test F1@0.5: 0.783
Test Accuracy@0.5: 0.839
Saved frozen head to: /projects/sciences/computing/liyi5784/Verlan-Identification-Normalisation-main/models/detect/latest/bert_head/frozen/seed-15/head.pt
Loading data …
Splits: train 4106, val 725, test 853
Epoch 1 head_loss=0.6249
              precision    recall  f1-score   support

         0.0      0.938     0.728     0.820       453
         1.0      0.670     0.919     0.775       272

    accuracy                          0.800       725
   macro avg      0.804     0.824     0.798       725
weighted avg      0.837     0.800     0.803       725

Val F1@0.5: 0.775
Val Accuracy@0.5: 0.800
Epoch 2 head_loss=0.4979
              precision    recall  f1-score   support

         0.0      0.951     0.733     0.828       453
         1.0      0.678     0.938     0.787       272

    accuracy                          0.810       725
   macro avg      0.815     0.835     0.807       725
weighted avg      0.849     0.810     0.813       725

Val F1@0.5: 0.787
Val Accuracy@0.5: 0.810
Epoch 3 head_loss=0.4462
              precision    recall  f1-score   support

         0.0      0.858     0.905     0.881       453
         1.0      0.826     0.750     0.786       272

    accuracy                          0.847       725
   macro avg      0.842     0.828     0.833       725
weighted avg      0.846     0.847     0.845       725

Val F1@0.5: 0.786
Val Accuracy@0.5: 0.847
Epoch 4 head_loss=0.4064
              precision    recall  f1-score   support

         0.0      0.863     0.892     0.877       453
         1.0      0.809     0.765     0.786       272

    accuracy                          0.844       725
   macro avg      0.836     0.828     0.832       725
weighted avg      0.843     0.844     0.843       725

Val F1@0.5: 0.786
Val Accuracy@0.5: 0.844
Epoch 5 head_loss=0.3784
              precision    recall  f1-score   support

         0.0      0.827     0.932     0.876       453
         1.0      0.856     0.676     0.756       272

    accuracy                          0.836       725
   macro avg      0.842     0.804     0.816       725
weighted avg      0.838     0.836     0.831       725

Val F1@0.5: 0.756
Val Accuracy@0.5: 0.836
Test F1@0.5: 0.749
Test Accuracy@0.5: 0.825
Saved frozen head to: /projects/sciences/computing/liyi5784/Verlan-Identification-Normalisation-main/models/detect/latest/bert_head/frozen/seed-16/head.pt
Loading data …
Splits: train 4106, val 725, test 853
Epoch 1 head_loss=0.6329
              precision    recall  f1-score   support

         0.0      0.962     0.623     0.756       453
         1.0      0.604     0.960     0.741       272

    accuracy                          0.749       725
   macro avg      0.783     0.791     0.749       725
weighted avg      0.828     0.749     0.751       725

Val F1@0.5: 0.741
Val Accuracy@0.5: 0.749
Epoch 2 head_loss=0.5091
              precision    recall  f1-score   support

         0.0      0.886     0.841     0.863       453
         1.0      0.756     0.820     0.787       272

    accuracy                          0.833       725
   macro avg      0.821     0.830     0.825       725
weighted avg      0.837     0.833     0.834       725

Val F1@0.5: 0.787
Val Accuracy@0.5: 0.833
Epoch 3 head_loss=0.4433
              precision    recall  f1-score   support

         0.0      0.893     0.826     0.858       453
         1.0      0.742     0.835     0.785       272

    accuracy                          0.829       725
   macro avg      0.817     0.830     0.822       725
weighted avg      0.836     0.829     0.831       725

Val F1@0.5: 0.785
Val Accuracy@0.5: 0.829
Epoch 4 head_loss=0.4162
              precision    recall  f1-score   support

         0.0      0.897     0.830     0.862       453
         1.0      0.748     0.842     0.792       272

    accuracy                          0.834       725
   macro avg      0.823     0.836     0.827       725
weighted avg      0.841     0.834     0.836       725

Val F1@0.5: 0.792
Val Accuracy@0.5: 0.834
Epoch 5 head_loss=0.3750
              precision    recall  f1-score   support

         0.0      0.900     0.812     0.854       453
         1.0      0.731     0.849     0.786       272

    accuracy                          0.826       725
   macro avg      0.815     0.831     0.820       725
weighted avg      0.836     0.826     0.828       725

Val F1@0.5: 0.786
Val Accuracy@0.5: 0.826
Test F1@0.5: 0.785
Test Accuracy@0.5: 0.829
Saved frozen head to: /projects/sciences/computing/liyi5784/Verlan-Identification-Normalisation-main/models/detect/latest/bert_head/frozen/seed-17/head.pt
Loading data …
Splits: train 4106, val 725, test 853
Epoch 1 head_loss=0.6295
              precision    recall  f1-score   support

         0.0      0.941     0.744     0.831       453
         1.0      0.684     0.923     0.786       272

    accuracy                          0.811       725
   macro avg      0.813     0.833     0.808       725
weighted avg      0.845     0.811     0.814       725

Val F1@0.5: 0.786
Val Accuracy@0.5: 0.811
Epoch 2 head_loss=0.5035
              precision    recall  f1-score   support

         0.0      0.886     0.879     0.882       453
         1.0      0.801     0.812     0.807       272

    accuracy                          0.854       725
   macro avg      0.844     0.846     0.845       725
weighted avg      0.854     0.854     0.854       725

Val F1@0.5: 0.807
Val Accuracy@0.5: 0.854
Epoch 3 head_loss=0.4673
              precision    recall  f1-score   support

         0.0      0.937     0.826     0.878       453
         1.0      0.758     0.908     0.826       272

    accuracy                          0.857       725
   macro avg      0.848     0.867     0.852       725
weighted avg      0.870     0.857     0.858       725

Val F1@0.5: 0.826
Val Accuracy@0.5: 0.857
Epoch 4 head_loss=0.4136
              precision    recall  f1-score   support

         0.0      0.922     0.834     0.876       453
         1.0      0.762     0.882     0.818       272

    accuracy                          0.852       725
   macro avg      0.842     0.858     0.847       725
weighted avg      0.862     0.852     0.854       725

Val F1@0.5: 0.818
Val Accuracy@0.5: 0.852
Epoch 5 head_loss=0.4033
              precision    recall  f1-score   support

         0.0      0.956     0.715     0.818       453
         1.0      0.666     0.945     0.781       272

    accuracy                          0.801       725
   macro avg      0.811     0.830     0.800       725
weighted avg      0.847     0.801     0.804       725

Val F1@0.5: 0.781
Val Accuracy@0.5: 0.801
Test F1@0.5: 0.764
Test Accuracy@0.5: 0.784
Saved frozen head to: /projects/sciences/computing/liyi5784/Verlan-Identification-Normalisation-main/models/detect/latest/bert_head/frozen/seed-18/head.pt
Loading data …
Splits: train 4106, val 725, test 853
Epoch 1 head_loss=0.6328
              precision    recall  f1-score   support

         0.0      0.963     0.572     0.717       453
         1.0      0.575     0.963     0.720       272

    accuracy                          0.719       725
   macro avg      0.769     0.767     0.719       725
weighted avg      0.817     0.719     0.718       725

Val F1@0.5: 0.720
Val Accuracy@0.5: 0.719
Epoch 2 head_loss=0.4934
              precision    recall  f1-score   support

         0.0      0.926     0.775     0.844       453
         1.0      0.705     0.897     0.790       272

    accuracy                          0.821       725
   macro avg      0.816     0.836     0.817       725
weighted avg      0.843     0.821     0.823       725

Val F1@0.5: 0.790
Val Accuracy@0.5: 0.821
Epoch 3 head_loss=0.4509
              precision    recall  f1-score   support

         0.0      0.882     0.857     0.869       453
         1.0      0.772     0.809     0.790       272

    accuracy                          0.839       725
   macro avg      0.827     0.833     0.829       725
weighted avg      0.841     0.839     0.839       725

Val F1@0.5: 0.790
Val Accuracy@0.5: 0.839
Epoch 4 head_loss=0.4060
              precision    recall  f1-score   support

         0.0      0.958     0.649     0.774       453
         1.0      0.620     0.952     0.751       272

    accuracy                          0.763       725
   macro avg      0.789     0.801     0.762       725
weighted avg      0.831     0.763     0.765       725

Val F1@0.5: 0.751
Val Accuracy@0.5: 0.763
Epoch 5 head_loss=0.3804
              precision    recall  f1-score   support

         0.0      0.976     0.636     0.770       453
         1.0      0.616     0.974     0.755       272

    accuracy                          0.763       725
   macro avg      0.796     0.805     0.763       725
weighted avg      0.841     0.763     0.764       725

Val F1@0.5: 0.755
Val Accuracy@0.5: 0.763
Test F1@0.5: 0.729
Test Accuracy@0.5: 0.732
Saved frozen head to: /projects/sciences/computing/liyi5784/Verlan-Identification-Normalisation-main/models/detect/latest/bert_head/frozen/seed-19/head.pt
Loading data …
Splits: train 4106, val 725, test 853
Epoch 1 head_loss=0.6293
              precision    recall  f1-score   support

         0.0      0.940     0.687     0.793       453
         1.0      0.640     0.926     0.757       272

    accuracy                          0.777       725
   macro avg      0.790     0.807     0.775       725
weighted avg      0.827     0.777     0.780       725

Val F1@0.5: 0.757
Val Accuracy@0.5: 0.777
Epoch 2 head_loss=0.4938
              precision    recall  f1-score   support

         0.0      0.887     0.830     0.857       453
         1.0      0.744     0.824     0.782       272

    accuracy                          0.828       725
   macro avg      0.815     0.827     0.820       725
weighted avg      0.833     0.828     0.829       725

Val F1@0.5: 0.782
Val Accuracy@0.5: 0.828
Epoch 3 head_loss=0.4326
              precision    recall  f1-score   support

         0.0      0.923     0.773     0.841       453
         1.0      0.702     0.893     0.786       272

    accuracy                          0.818       725
   macro avg      0.813     0.833     0.814       725
weighted avg      0.841     0.818     0.821       725

Val F1@0.5: 0.786
Val Accuracy@0.5: 0.818
Epoch 4 head_loss=0.4003
              precision    recall  f1-score   support

         0.0      0.890     0.843     0.866       453
         1.0      0.760     0.827     0.792       272

    accuracy                          0.837       725
   macro avg      0.825     0.835     0.829       725
weighted avg      0.842     0.837     0.838       725

Val F1@0.5: 0.792
Val Accuracy@0.5: 0.837
Epoch 5 head_loss=0.3764
              precision    recall  f1-score   support

         0.0      0.924     0.755     0.831       453
         1.0      0.687     0.897     0.778       272

    accuracy                          0.808       725
   macro avg      0.806     0.826     0.805       725
weighted avg      0.835     0.808     0.811       725

Val F1@0.5: 0.778
Val Accuracy@0.5: 0.808
Test F1@0.5: 0.751
Test Accuracy@0.5: 0.787
Saved frozen head to: /projects/sciences/computing/liyi5784/Verlan-Identification-Normalisation-main/models/detect/latest/bert_head/frozen/seed-20/head.pt
[OK] Wrote models/detect/latest/bert_head/frozen/trials_summary.json and models/detect/latest/bert_head/frozen/trials_summary.csv
[OK] Trials finished. Artifacts under models/detect/latest/bert_head/frozen; summaries saved.
