Successfully retrieved statistics for job: 2689334. 
+------------------------------------------------------------------------------+
| GPU ID: 1                                                                    |
+====================================+=========================================+
|-----  Execution Stats  ------------+-----------------------------------------|
| Start Time                         | Wed Sep 17 13:10:37 2025                |
| End Time                           | Wed Sep 17 14:45:00 2025                |
| Total Execution Time (sec)         | 5662.81                                 |
| No. of Processes                   | 13                                      |
+-----  Performance Stats  ----------+-----------------------------------------+
| Energy Consumed (Joules)           | 777655                                  |
| Power Usage (Watts)                | Avg: 215.584, Max: 280.387, Min: 33.525 |
| Max GPU Memory Used (bytes)        | 16565403648                             |
| SM Clock (MHz)                     | Avg: 1361, Max: 1410, Min: 1080         |
| Memory Clock (MHz)                 | Avg: 1215, Max: 1215, Min: 1215         |
| SM Utilization (%)                 | Avg: 87, Max: 100, Min: 0               |
| Memory Utilization (%)             | Avg: 36, Max: 43, Min: 0                |
| PCIe Rx Bandwidth (megabytes)      | Avg: N/A, Max: N/A, Min: N/A            |
| PCIe Tx Bandwidth (megabytes)      | Avg: N/A, Max: N/A, Min: N/A            |
+-----  Event Stats  ----------------+-----------------------------------------+
| Single Bit ECC Errors              | 0                                       |
| Double Bit ECC Errors              | 0                                       |
| PCIe Replay Warnings               | 0                                       |
| Critical XID Errors                | 0                                       |
+-----  Slowdown Stats  -------------+-----------------------------------------+
| Due to - Power (%)                 | 0                                       |
|        - Thermal (%)               | 0                                       |
|        - Reliability (%)           | Not Supported                           |
|        - Board Limit (%)           | Not Supported                           |
|        - Low Utilization (%)       | Not Supported                           |
|        - Sync Boost (%)            | 0                                       |
+--  Compute Process Utilization  ---+-----------------------------------------+
| PID                                | 636682                                  |
|     Avg SM Utilization (%)         | 5                                       |
|     Avg Memory Utilization (%)     | 2                                       |
| PID                                | 638165                                  |
|     Avg SM Utilization (%)         | 6                                       |
|     Avg Memory Utilization (%)     | 2                                       |
| PID                                | 639711                                  |
|     Avg SM Utilization (%)         | 7                                       |
|     Avg Memory Utilization (%)     | 3                                       |
| PID                                | 641216                                  |
|     Avg SM Utilization (%)         | 7                                       |
|     Avg Memory Utilization (%)     | 2                                       |
| PID                                | 642736                                  |
|     Avg SM Utilization (%)         | 7                                       |
|     Avg Memory Utilization (%)     | 2                                       |
| PID                                | 644211                                  |
|     Avg SM Utilization (%)         | 7                                       |
|     Avg Memory Utilization (%)     | 3                                       |
| PID                                | 645721                                  |
|     Avg SM Utilization (%)         | 7                                       |
|     Avg Memory Utilization (%)     | 2                                       |
| PID                                | 647155                                  |
|     Avg SM Utilization (%)         | 7                                       |
|     Avg Memory Utilization (%)     | 3                                       |
| PID                                | 648754                                  |
|     Avg SM Utilization (%)         | 6                                       |
|     Avg Memory Utilization (%)     | 2                                       |
| PID                                | 650336                                  |
|     Avg SM Utilization (%)         | 7                                       |
|     Avg Memory Utilization (%)     | 3                                       |
| PID                                | 651895                                  |
|     Avg SM Utilization (%)         | 7                                       |
|     Avg Memory Utilization (%)     | 3                                       |
| PID                                | 653356                                  |
|     Avg SM Utilization (%)         | 7                                       |
|     Avg Memory Utilization (%)     | 2                                       |
| PID                                | 654865                                  |
|     Avg SM Utilization (%)         | 7                                       |
|     Avg Memory Utilization (%)     | 3                                       |
+-----  Overall Health  -------------+-----------------------------------------+
| Overall Health                     | Healthy                                 |
+------------------------------------+-----------------------------------------+

