---- GPU info ----
Tue Sep 23 20:02:14 2025       
+-----------------------------------------------------------------------------------------+
| NVIDIA-SMI 555.42.06              Driver Version: 555.42.06      CUDA Version: 12.5     |
|-----------------------------------------+------------------------+----------------------+
| GPU  Name                 Persistence-M | Bus-Id          Disp.A | Volatile Uncorr. ECC |
| Fan  Temp   Perf          Pwr:Usage/Cap |           Memory-Usage | GPU-Util  Compute M. |
|                                         |                        |               MIG M. |
|=========================================+========================+======================|
|   0  NVIDIA L40S                    On  |   00000000:05:00.0 Off |                    0 |
| N/A   30C    P8             31W /  350W |       1MiB /  46068MiB |      0%      Default |
|                                         |                        |                  N/A |
+-----------------------------------------+------------------------+----------------------+
                                                                                         
+-----------------------------------------------------------------------------------------+
| Processes:                                                                              |
|  GPU   GI   CI        PID   Type   Process name                              GPU Memory |
|        ID   ID                                                               Usage      |
|=========================================================================================|
|  No running processes found                                                             |
+-----------------------------------------------------------------------------------------+
------------------
Loading data …
Splits: train 4106, val 725, test 853
Epoch 1 train_loss=0.8611
              precision    recall  f1-score   support

         0.0      0.625     1.000     0.769       453
         1.0      0.000     0.000     0.000       272

    accuracy                          0.625       725
   macro avg      0.312     0.500     0.385       725
weighted avg      0.390     0.625     0.481       725

Val F1@0.5: 0.000
Val Accuracy@0.5: 0.625
Epoch 2 train_loss=0.8418
              precision    recall  f1-score   support

         0.0      0.878     0.620     0.727       453
         1.0      0.575     0.857     0.688       272

    accuracy                          0.709       725
   macro avg      0.727     0.738     0.708       725
weighted avg      0.765     0.709     0.713       725

Val F1@0.5: 0.688
Val Accuracy@0.5: 0.709
Epoch 3 train_loss=0.5930
              precision    recall  f1-score   support

         0.0      0.870     0.859     0.864       453
         1.0      0.770     0.787     0.778       272

    accuracy                          0.832       725
   macro avg      0.820     0.823     0.821       725
weighted avg      0.833     0.832     0.832       725

Val F1@0.5: 0.778
Val Accuracy@0.5: 0.832
Test F1@0.5: 0.770
Test Accuracy@0.5: 0.829
Saved fine-tuned model to: /projects/sciences/computing/liyi5784/Verlan-Identification-Normalisation-main/models/detect/latest/bert_head/e2e/seed-1/model.pt
Loading data …
Splits: train 4106, val 725, test 853
Epoch 1 train_loss=0.8468
              precision    recall  f1-score   support

         0.0      0.864     0.799     0.830       453
         1.0      0.703     0.790     0.744       272

    accuracy                          0.796       725
   macro avg      0.783     0.795     0.787       725
weighted avg      0.803     0.796     0.798       725

Val F1@0.5: 0.744
Val Accuracy@0.5: 0.796
Epoch 2 train_loss=0.6139
              precision    recall  f1-score   support

         0.0      0.923     0.764     0.836       453
         1.0      0.694     0.893     0.781       272

    accuracy                          0.812       725
   macro avg      0.808     0.829     0.809       725
weighted avg      0.837     0.812     0.815       725

Val F1@0.5: 0.781
Val Accuracy@0.5: 0.812
Epoch 3 train_loss=0.3396
              precision    recall  f1-score   support

         0.0      0.903     0.861     0.881       453
         1.0      0.785     0.846     0.814       272

    accuracy                          0.855       725
   macro avg      0.844     0.853     0.848       725
weighted avg      0.859     0.855     0.856       725

Val F1@0.5: 0.814
Val Accuracy@0.5: 0.855
Test F1@0.5: 0.800
Test Accuracy@0.5: 0.843
Saved fine-tuned model to: /projects/sciences/computing/liyi5784/Verlan-Identification-Normalisation-main/models/detect/latest/bert_head/e2e/seed-2/model.pt
Loading data …
Splits: train 4106, val 725, test 853
Epoch 1 train_loss=0.8456
              precision    recall  f1-score   support

         0.0      0.870     0.753     0.807       453
         1.0      0.664     0.812     0.731       272

    accuracy                          0.775       725
   macro avg      0.767     0.783     0.769       725
weighted avg      0.793     0.775     0.778       725

Val F1@0.5: 0.731
Val Accuracy@0.5: 0.775
Epoch 2 train_loss=0.6273
              precision    recall  f1-score   support

         0.0      0.890     0.821     0.854       453
         1.0      0.736     0.831     0.781       272

    accuracy                          0.825       725
   macro avg      0.813     0.826     0.817       725
weighted avg      0.832     0.825     0.827       725

Val F1@0.5: 0.781
Val Accuracy@0.5: 0.825
Epoch 3 train_loss=0.3678
              precision    recall  f1-score   support

         0.0      0.892     0.839     0.865       453
         1.0      0.756     0.831     0.792       272

    accuracy                          0.836       725
   macro avg      0.824     0.835     0.828       725
weighted avg      0.841     0.836     0.837       725

Val F1@0.5: 0.792
Val Accuracy@0.5: 0.836
Test F1@0.5: 0.787
Test Accuracy@0.5: 0.836
Saved fine-tuned model to: /projects/sciences/computing/liyi5784/Verlan-Identification-Normalisation-main/models/detect/latest/bert_head/e2e/seed-3/model.pt
Loading data …
Splits: train 4106, val 725, test 853
Epoch 1 train_loss=0.8402
              precision    recall  f1-score   support

         0.0      0.888     0.751     0.813       453
         1.0      0.670     0.842     0.746       272

    accuracy                          0.785       725
   macro avg      0.779     0.796     0.780       725
weighted avg      0.806     0.785     0.788       725

Val F1@0.5: 0.746
Val Accuracy@0.5: 0.785
Epoch 2 train_loss=0.5726
              precision    recall  f1-score   support

         0.0      0.912     0.874     0.893       453
         1.0      0.804     0.860     0.831       272

    accuracy                          0.869       725
   macro avg      0.858     0.867     0.862       725
weighted avg      0.872     0.869     0.870       725

Val F1@0.5: 0.831
Val Accuracy@0.5: 0.869
Epoch 3 train_loss=0.3077
              precision    recall  f1-score   support

         0.0      0.920     0.863     0.891       453
         1.0      0.793     0.875     0.832       272

    accuracy                          0.868       725
   macro avg      0.857     0.869     0.861       725
weighted avg      0.872     0.868     0.869       725

Val F1@0.5: 0.832
Val Accuracy@0.5: 0.868
Test F1@0.5: 0.803
Test Accuracy@0.5: 0.845
Saved fine-tuned model to: /projects/sciences/computing/liyi5784/Verlan-Identification-Normalisation-main/models/detect/latest/bert_head/e2e/seed-4/model.pt
Loading data …
Splits: train 4106, val 725, test 853
Epoch 1 train_loss=0.8465
              precision    recall  f1-score   support

         0.0      0.892     0.675     0.769       453
         1.0      0.615     0.864     0.719       272

    accuracy                          0.746       725
   macro avg      0.754     0.770     0.744       725
weighted avg      0.788     0.746     0.750       725

Val F1@0.5: 0.719
Val Accuracy@0.5: 0.746
Epoch 2 train_loss=0.5859
              precision    recall  f1-score   support

         0.0      0.899     0.821     0.858       453
         1.0      0.740     0.846     0.789       272

    accuracy                          0.830       725
   macro avg      0.819     0.833     0.824       725
weighted avg      0.839     0.830     0.832       725

Val F1@0.5: 0.789
Val Accuracy@0.5: 0.830
Epoch 3 train_loss=0.3118
              precision    recall  f1-score   support

         0.0      0.893     0.863     0.878       453
         1.0      0.784     0.827     0.805       272

    accuracy                          0.850       725
   macro avg      0.838     0.845     0.841       725
weighted avg      0.852     0.850     0.850       725

Val F1@0.5: 0.805
Val Accuracy@0.5: 0.850
Test F1@0.5: 0.806
Test Accuracy@0.5: 0.856
Saved fine-tuned model to: /projects/sciences/computing/liyi5784/Verlan-Identification-Normalisation-main/models/detect/latest/bert_head/e2e/seed-5/model.pt
Loading data …
Splits: train 4106, val 725, test 853
Epoch 1 train_loss=0.8395
              precision    recall  f1-score   support

         0.0      0.873     0.746     0.805       453
         1.0      0.660     0.820     0.731       272

    accuracy                          0.774       725
   macro avg      0.767     0.783     0.768       725
weighted avg      0.793     0.774     0.777       725

Val F1@0.5: 0.731
Val Accuracy@0.5: 0.774
Epoch 2 train_loss=0.5375
              precision    recall  f1-score   support

         0.0      0.878     0.823     0.850       453
         1.0      0.733     0.809     0.769       272

    accuracy                          0.818       725
   macro avg      0.805     0.816     0.809       725
weighted avg      0.824     0.818     0.819       725

Val F1@0.5: 0.769
Val Accuracy@0.5: 0.818
Epoch 3 train_loss=0.2817
              precision    recall  f1-score   support

         0.0      0.838     0.870     0.854       453
         1.0      0.769     0.721     0.744       272

    accuracy                          0.814       725
   macro avg      0.803     0.795     0.799       725
weighted avg      0.812     0.814     0.813       725

Val F1@0.5: 0.744
Val Accuracy@0.5: 0.814
Test F1@0.5: 0.804
Test Accuracy@0.5: 0.856
Saved fine-tuned model to: /projects/sciences/computing/liyi5784/Verlan-Identification-Normalisation-main/models/detect/latest/bert_head/e2e/seed-6/model.pt
Loading data …
Splits: train 4106, val 725, test 853
Epoch 1 train_loss=0.8445
              precision    recall  f1-score   support

         0.0      0.888     0.682     0.772       453
         1.0      0.618     0.857     0.718       272

    accuracy                          0.748       725
   macro avg      0.753     0.769     0.745       725
weighted avg      0.787     0.748     0.751       725

Val F1@0.5: 0.718
Val Accuracy@0.5: 0.748
Epoch 2 train_loss=0.6115
              precision    recall  f1-score   support

         0.0      0.885     0.815     0.848       453
         1.0      0.727     0.824     0.772       272

    accuracy                          0.818       725
   macro avg      0.806     0.819     0.810       725
weighted avg      0.826     0.818     0.820       725

Val F1@0.5: 0.772
Val Accuracy@0.5: 0.818
Epoch 3 train_loss=0.3408
              precision    recall  f1-score   support

         0.0      0.906     0.790     0.844       453
         1.0      0.712     0.864     0.781       272

    accuracy                          0.818       725
   macro avg      0.809     0.827     0.813       725
weighted avg      0.833     0.818     0.820       725

Val F1@0.5: 0.781
Val Accuracy@0.5: 0.818
Test F1@0.5: 0.758
Test Accuracy@0.5: 0.802
Saved fine-tuned model to: /projects/sciences/computing/liyi5784/Verlan-Identification-Normalisation-main/models/detect/latest/bert_head/e2e/seed-7/model.pt
Loading data …
Splits: train 4106, val 725, test 853
Epoch 1 train_loss=0.8413
              precision    recall  f1-score   support

         0.0      0.870     0.751     0.806       453
         1.0      0.662     0.812     0.729       272

    accuracy                          0.774       725
   macro avg      0.766     0.782     0.768       725
weighted avg      0.792     0.774     0.777       725

Val F1@0.5: 0.729
Val Accuracy@0.5: 0.774
Epoch 2 train_loss=0.5909
              precision    recall  f1-score   support

         0.0      0.894     0.819     0.855       453
         1.0      0.735     0.838     0.784       272

    accuracy                          0.826       725
   macro avg      0.815     0.829     0.819       725
weighted avg      0.835     0.826     0.828       725

Val F1@0.5: 0.784
Val Accuracy@0.5: 0.826
Epoch 3 train_loss=0.3245
              precision    recall  f1-score   support

         0.0      0.893     0.850     0.871       453
         1.0      0.769     0.831     0.799       272

    accuracy                          0.843       725
   macro avg      0.831     0.840     0.835       725
weighted avg      0.847     0.843     0.844       725

Val F1@0.5: 0.799
Val Accuracy@0.5: 0.843
Test F1@0.5: 0.831
Test Accuracy@0.5: 0.870
Saved fine-tuned model to: /projects/sciences/computing/liyi5784/Verlan-Identification-Normalisation-main/models/detect/latest/bert_head/e2e/seed-8/model.pt
Loading data …
Splits: train 4106, val 725, test 853
Epoch 1 train_loss=0.8391
              precision    recall  f1-score   support

         0.0      0.872     0.706     0.780       453
         1.0      0.628     0.827     0.714       272

    accuracy                          0.752       725
   macro avg      0.750     0.767     0.747       725
weighted avg      0.781     0.752     0.756       725

Val F1@0.5: 0.714
Val Accuracy@0.5: 0.752
Epoch 2 train_loss=0.5713
              precision    recall  f1-score   support

         0.0      0.882     0.854     0.868       453
         1.0      0.769     0.809     0.789       272

    accuracy                          0.837       725
   macro avg      0.825     0.832     0.828       725
weighted avg      0.839     0.837     0.838       725

Val F1@0.5: 0.789
Val Accuracy@0.5: 0.837
Epoch 3 train_loss=0.3142
              precision    recall  f1-score   support

         0.0      0.893     0.828     0.859       453
         1.0      0.744     0.835     0.787       272

    accuracy                          0.830       725
   macro avg      0.819     0.831     0.823       725
weighted avg      0.837     0.830     0.832       725

Val F1@0.5: 0.787
Val Accuracy@0.5: 0.830
Test F1@0.5: 0.791
Test Accuracy@0.5: 0.836
Saved fine-tuned model to: /projects/sciences/computing/liyi5784/Verlan-Identification-Normalisation-main/models/detect/latest/bert_head/e2e/seed-9/model.pt
Loading data …
Splits: train 4106, val 725, test 853
Epoch 1 train_loss=0.8397
              precision    recall  f1-score   support

         0.0      0.884     0.775     0.826       453
         1.0      0.689     0.831     0.753       272

    accuracy                          0.796       725
   macro avg      0.787     0.803     0.790       725
weighted avg      0.811     0.796     0.799       725

Val F1@0.5: 0.753
Val Accuracy@0.5: 0.796
Epoch 2 train_loss=0.5793
              precision    recall  f1-score   support

         0.0      0.878     0.854     0.866       453
         1.0      0.768     0.801     0.784       272

    accuracy                          0.834       725
   macro avg      0.823     0.828     0.825       725
weighted avg      0.836     0.834     0.835       725

Val F1@0.5: 0.784
Val Accuracy@0.5: 0.834
Epoch 3 train_loss=0.3339
              precision    recall  f1-score   support

         0.0      0.896     0.854     0.875       453
         1.0      0.775     0.835     0.804       272

    accuracy                          0.847       725
   macro avg      0.835     0.844     0.839       725
weighted avg      0.850     0.847     0.848       725

Val F1@0.5: 0.804
Val Accuracy@0.5: 0.847
Test F1@0.5: 0.808
Test Accuracy@0.5: 0.851
Saved fine-tuned model to: /projects/sciences/computing/liyi5784/Verlan-Identification-Normalisation-main/models/detect/latest/bert_head/e2e/seed-10/model.pt
Loading data …
Splits: train 4106, val 725, test 853
Epoch 1 train_loss=0.8405
              precision    recall  f1-score   support

         0.0      0.870     0.766     0.815       453
         1.0      0.675     0.809     0.736       272

    accuracy                          0.782       725
   macro avg      0.772     0.787     0.775       725
weighted avg      0.797     0.782     0.785       725

Val F1@0.5: 0.736
Val Accuracy@0.5: 0.782
Epoch 2 train_loss=0.5871
              precision    recall  f1-score   support

         0.0      0.879     0.848     0.863       453
         1.0      0.760     0.805     0.782       272

    accuracy                          0.832       725
   macro avg      0.820     0.826     0.823       725
weighted avg      0.834     0.832     0.833       725

Val F1@0.5: 0.782
Val Accuracy@0.5: 0.832
Epoch 3 train_loss=0.3420
              precision    recall  f1-score   support

         0.0      0.876     0.885     0.880       453
         1.0      0.805     0.790     0.798       272

    accuracy                          0.850       725
   macro avg      0.840     0.838     0.839       725
weighted avg      0.849     0.850     0.849       725

Val F1@0.5: 0.798
Val Accuracy@0.5: 0.850
Test F1@0.5: 0.815
Test Accuracy@0.5: 0.864
Saved fine-tuned model to: /projects/sciences/computing/liyi5784/Verlan-Identification-Normalisation-main/models/detect/latest/bert_head/e2e/seed-11/model.pt
Loading data …
Splits: train 4106, val 725, test 853
Epoch 1 train_loss=0.8406
              precision    recall  f1-score   support

         0.0      0.911     0.788     0.845       453
         1.0      0.712     0.871     0.783       272

    accuracy                          0.819       725
   macro avg      0.811     0.830     0.814       725
weighted avg      0.836     0.819     0.822       725

Val F1@0.5: 0.783
Val Accuracy@0.5: 0.819
Epoch 2 train_loss=0.5728
              precision    recall  f1-score   support

         0.0      0.920     0.810     0.862       453
         1.0      0.736     0.882     0.803       272

    accuracy                          0.837       725
   macro avg      0.828     0.846     0.832       725
weighted avg      0.851     0.837     0.839       725

Val F1@0.5: 0.803
Val Accuracy@0.5: 0.837
Epoch 3 train_loss=0.3192
              precision    recall  f1-score   support

         0.0      0.906     0.854     0.880       453
         1.0      0.779     0.853     0.814       272

    accuracy                          0.854       725
   macro avg      0.842     0.854     0.847       725
weighted avg      0.858     0.854     0.855       725

Val F1@0.5: 0.814
Val Accuracy@0.5: 0.854
Test F1@0.5: 0.818
Test Accuracy@0.5: 0.862
Saved fine-tuned model to: /projects/sciences/computing/liyi5784/Verlan-Identification-Normalisation-main/models/detect/latest/bert_head/e2e/seed-12/model.pt
Loading data …
Splits: train 4106, val 725, test 853
Epoch 1 train_loss=0.8433
              precision    recall  f1-score   support

         0.0      0.900     0.678     0.773       453
         1.0      0.620     0.875     0.726       272

    accuracy                          0.752       725
   macro avg      0.760     0.776     0.749       725
weighted avg      0.795     0.752     0.755       725

Val F1@0.5: 0.726
Val Accuracy@0.5: 0.752
Epoch 2 train_loss=0.5896
              precision    recall  f1-score   support

         0.0      0.848     0.852     0.850       453
         1.0      0.752     0.746     0.749       272

    accuracy                          0.812       725
   macro avg      0.800     0.799     0.800       725
weighted avg      0.812     0.812     0.812       725

Val F1@0.5: 0.749
Val Accuracy@0.5: 0.812
Epoch 3 train_loss=0.3215
              precision    recall  f1-score   support

         0.0      0.865     0.865     0.865       453
         1.0      0.776     0.776     0.776       272

    accuracy                          0.832       725
   macro avg      0.821     0.821     0.821       725
weighted avg      0.832     0.832     0.832       725

Val F1@0.5: 0.776
Val Accuracy@0.5: 0.832
Test F1@0.5: 0.821
Test Accuracy@0.5: 0.866
Saved fine-tuned model to: /projects/sciences/computing/liyi5784/Verlan-Identification-Normalisation-main/models/detect/latest/bert_head/e2e/seed-13/model.pt
Loading data …
Splits: train 4106, val 725, test 853
Epoch 1 train_loss=0.8422
              precision    recall  f1-score   support

         0.0      0.906     0.726     0.806       453
         1.0      0.657     0.875     0.751       272

    accuracy                          0.782       725
   macro avg      0.782     0.801     0.779       725
weighted avg      0.813     0.782     0.786       725

Val F1@0.5: 0.751
Val Accuracy@0.5: 0.782
Epoch 2 train_loss=0.5913
              precision    recall  f1-score   support

         0.0      0.897     0.850     0.873       453
         1.0      0.770     0.838     0.803       272

    accuracy                          0.846       725
   macro avg      0.834     0.844     0.838       725
weighted avg      0.850     0.846     0.847       725

Val F1@0.5: 0.803
Val Accuracy@0.5: 0.846
Epoch 3 train_loss=0.3430
              precision    recall  f1-score   support

         0.0      0.905     0.881     0.893       453
         1.0      0.810     0.846     0.827       272

    accuracy                          0.868       725
   macro avg      0.857     0.863     0.860       725
weighted avg      0.869     0.868     0.868       725

Val F1@0.5: 0.827
Val Accuracy@0.5: 0.868
Test F1@0.5: 0.797
Test Accuracy@0.5: 0.837
Saved fine-tuned model to: /projects/sciences/computing/liyi5784/Verlan-Identification-Normalisation-main/models/detect/latest/bert_head/e2e/seed-14/model.pt
Loading data …
Splits: train 4106, val 725, test 853
Epoch 1 train_loss=0.8425
              precision    recall  f1-score   support

         0.0      0.860     0.731     0.790       453
         1.0      0.641     0.801     0.712       272

    accuracy                          0.757       725
   macro avg      0.750     0.766     0.751       725
weighted avg      0.778     0.757     0.761       725

Val F1@0.5: 0.712
Val Accuracy@0.5: 0.757
Epoch 2 train_loss=0.6093
              precision    recall  f1-score   support

         0.0      0.880     0.812     0.845       453
         1.0      0.723     0.816     0.767       272

    accuracy                          0.814       725
   macro avg      0.802     0.814     0.806       725
weighted avg      0.821     0.814     0.816       725

Val F1@0.5: 0.767
Val Accuracy@0.5: 0.814
Epoch 3 train_loss=0.3586
              precision    recall  f1-score   support

         0.0      0.868     0.896     0.882       453
         1.0      0.817     0.772     0.794       272

    accuracy                          0.850       725
   macro avg      0.842     0.834     0.838       725
weighted avg      0.849     0.850     0.849       725

Val F1@0.5: 0.794
Val Accuracy@0.5: 0.850
Test F1@0.5: 0.821
Test Accuracy@0.5: 0.864
Saved fine-tuned model to: /projects/sciences/computing/liyi5784/Verlan-Identification-Normalisation-main/models/detect/latest/bert_head/e2e/seed-15/model.pt
Loading data …
Splits: train 4106, val 725, test 853
Epoch 1 train_loss=0.8384
              precision    recall  f1-score   support

         0.0      0.901     0.645     0.752       453
         1.0      0.599     0.882     0.713       272

    accuracy                          0.734       725
   macro avg      0.750     0.763     0.732       725
weighted avg      0.788     0.734     0.737       725

Val F1@0.5: 0.713
Val Accuracy@0.5: 0.734
Epoch 2 train_loss=0.5568
              precision    recall  f1-score   support

         0.0      0.891     0.828     0.858       453
         1.0      0.743     0.831     0.785       272

    accuracy                          0.829       725
   macro avg      0.817     0.829     0.821       725
weighted avg      0.835     0.829     0.831       725

Val F1@0.5: 0.785
Val Accuracy@0.5: 0.829
Epoch 3 train_loss=0.3013
              precision    recall  f1-score   support

         0.0      0.896     0.857     0.876       453
         1.0      0.777     0.835     0.805       272

    accuracy                          0.848       725
   macro avg      0.837     0.846     0.840       725
weighted avg      0.852     0.848     0.849       725

Val F1@0.5: 0.805
Val Accuracy@0.5: 0.848
Test F1@0.5: 0.791
Test Accuracy@0.5: 0.839
Saved fine-tuned model to: /projects/sciences/computing/liyi5784/Verlan-Identification-Normalisation-main/models/detect/latest/bert_head/e2e/seed-16/model.pt
Loading data …
Splits: train 4106, val 725, test 853
Epoch 1 train_loss=0.8442
              precision    recall  f1-score   support

         0.0      0.878     0.797     0.836       453
         1.0      0.707     0.816     0.758       272

    accuracy                          0.804       725
   macro avg      0.793     0.807     0.797       725
weighted avg      0.814     0.804     0.806       725

Val F1@0.5: 0.758
Val Accuracy@0.5: 0.804
Epoch 2 train_loss=0.5823
              precision    recall  f1-score   support

         0.0      0.900     0.810     0.852       453
         1.0      0.729     0.849     0.784       272

    accuracy                          0.825       725
   macro avg      0.814     0.830     0.818       725
weighted avg      0.835     0.825     0.827       725

Val F1@0.5: 0.784
Val Accuracy@0.5: 0.825
Epoch 3 train_loss=0.3080
              precision    recall  f1-score   support

         0.0      0.906     0.834     0.869       453
         1.0      0.756     0.857     0.803       272

    accuracy                          0.843       725
   macro avg      0.831     0.846     0.836       725
weighted avg      0.850     0.843     0.844       725

Val F1@0.5: 0.803
Val Accuracy@0.5: 0.843
Test F1@0.5: 0.792
Test Accuracy@0.5: 0.837
Saved fine-tuned model to: /projects/sciences/computing/liyi5784/Verlan-Identification-Normalisation-main/models/detect/latest/bert_head/e2e/seed-17/model.pt
Loading data …
Splits: train 4106, val 725, test 853
Epoch 1 train_loss=0.8416
              precision    recall  f1-score   support

         0.0      0.857     0.845     0.851       453
         1.0      0.748     0.765     0.756       272

    accuracy                          0.815       725
   macro avg      0.803     0.805     0.804       725
weighted avg      0.816     0.815     0.816       725

Val F1@0.5: 0.756
Val Accuracy@0.5: 0.815
Epoch 2 train_loss=0.5807
              precision    recall  f1-score   support

         0.0      0.905     0.823     0.862       453
         1.0      0.744     0.857     0.797       272

    accuracy                          0.836       725
   macro avg      0.825     0.840     0.830       725
weighted avg      0.845     0.836     0.838       725

Val F1@0.5: 0.797
Val Accuracy@0.5: 0.836
Epoch 3 train_loss=0.3308
              precision    recall  f1-score   support

         0.0      0.880     0.876     0.878       453
         1.0      0.796     0.801     0.799       272

    accuracy                          0.848       725
   macro avg      0.838     0.839     0.838       725
weighted avg      0.849     0.848     0.848       725

Val F1@0.5: 0.799
Val Accuracy@0.5: 0.848
Test F1@0.5: 0.832
Test Accuracy@0.5: 0.871
Saved fine-tuned model to: /projects/sciences/computing/liyi5784/Verlan-Identification-Normalisation-main/models/detect/latest/bert_head/e2e/seed-18/model.pt
Loading data …
Splits: train 4106, val 725, test 853
Epoch 1 train_loss=0.8429
              precision    recall  f1-score   support

         0.0      0.889     0.728     0.801       453
         1.0      0.653     0.849     0.738       272

    accuracy                          0.774       725
   macro avg      0.771     0.789     0.769       725
weighted avg      0.801     0.774     0.777       725

Val F1@0.5: 0.738
Val Accuracy@0.5: 0.774
Epoch 2 train_loss=0.5825
              precision    recall  f1-score   support

         0.0      0.858     0.841     0.849       453
         1.0      0.744     0.768     0.756       272

    accuracy                          0.814       725
   macro avg      0.801     0.805     0.803       725
weighted avg      0.815     0.814     0.814       725

Val F1@0.5: 0.756
Val Accuracy@0.5: 0.814
Epoch 3 train_loss=0.3233
              precision    recall  f1-score   support

         0.0      0.892     0.857     0.874       453
         1.0      0.776     0.827     0.801       272

    accuracy                          0.846       725
   macro avg      0.834     0.842     0.837       725
weighted avg      0.848     0.846     0.846       725

Val F1@0.5: 0.801
Val Accuracy@0.5: 0.846
Test F1@0.5: 0.800
Test Accuracy@0.5: 0.843
Saved fine-tuned model to: /projects/sciences/computing/liyi5784/Verlan-Identification-Normalisation-main/models/detect/latest/bert_head/e2e/seed-19/model.pt
Loading data …
Splits: train 4106, val 725, test 853
Epoch 1 train_loss=0.8465
              precision    recall  f1-score   support

         0.0      0.912     0.616     0.735       453
         1.0      0.585     0.901     0.709       272

    accuracy                          0.723       725
   macro avg      0.748     0.758     0.722       725
weighted avg      0.789     0.723     0.725       725

Val F1@0.5: 0.709
Val Accuracy@0.5: 0.723
Epoch 2 train_loss=0.5972
              precision    recall  f1-score   support

         0.0      0.893     0.808     0.848       453
         1.0      0.724     0.838     0.777       272

    accuracy                          0.819       725
   macro avg      0.808     0.823     0.813       725
weighted avg      0.829     0.819     0.821       725

Val F1@0.5: 0.777
Val Accuracy@0.5: 0.819
Epoch 3 train_loss=0.3279
              precision    recall  f1-score   support

         0.0      0.884     0.861     0.872       453
         1.0      0.778     0.812     0.795       272

    accuracy                          0.843       725
   macro avg      0.831     0.837     0.834       725
weighted avg      0.845     0.843     0.843       725

Val F1@0.5: 0.795
Val Accuracy@0.5: 0.843
Test F1@0.5: 0.811
Test Accuracy@0.5: 0.859
Saved fine-tuned model to: /projects/sciences/computing/liyi5784/Verlan-Identification-Normalisation-main/models/detect/latest/bert_head/e2e/seed-20/model.pt
[OK] Wrote models/detect/latest/bert_head/e2e/trials_summary.json and models/detect/latest/bert_head/e2e/trials_summary.csv
[OK] Trials finished. Artifacts under models/detect/latest/bert_head/e2e; summaries saved.
